<?xml version="1.0" encoding="UTF-8"?>
<testng-results skipped="0" failed="0" ignored="0" total="3" passed="3">
  <reporter-output>
  </reporter-output>
  <suite name="Default suite" duration-ms="33415" started-at="2018-10-11T20:58:35Z" finished-at="2018-10-11T20:59:08Z">
    <groups>
    </groups>
    <test name="Default test" duration-ms="33415" started-at="2018-10-11T20:58:35Z" finished-at="2018-10-11T20:59:08Z">
      <class name="com.symc.qa.testdata.LoginTest">
        <test-method status="PASS" signature="setup()[pri:0, instance:com.symc.qa.testdata.LoginTest@3e6fa38a]" name="setup" is-config="true" duration-ms="31317" started-at="2018-10-11T20:58:35Z" finished-at="2018-10-11T20:59:06Z">
          <reporter-output>
          </reporter-output>
        </test-method> <!-- setup -->
        <test-method status="PASS" signature="loginpage_titletest()[pri:1, instance:com.symc.qa.testdata.LoginTest@3e6fa38a]" name="loginpage_titletest" duration-ms="26" started-at="2018-10-11T20:59:06Z" finished-at="2018-10-11T20:59:06Z">
          <reporter-output>
          </reporter-output>
        </test-method> <!-- loginpage_titletest -->
        <test-method status="PASS" signature="wulogoimagetest()[pri:2, instance:com.symc.qa.testdata.LoginTest@3e6fa38a]" name="wulogoimagetest" duration-ms="61" started-at="2018-10-11T20:59:06Z" finished-at="2018-10-11T20:59:06Z">
          <reporter-output>
          </reporter-output>
        </test-method> <!-- wulogoimagetest -->
        <test-method status="PASS" signature="logintest()[pri:3, instance:com.symc.qa.testdata.LoginTest@3e6fa38a]" name="logintest" duration-ms="1327" started-at="2018-10-11T20:59:06Z" finished-at="2018-10-11T20:59:07Z">
          <reporter-output>
          </reporter-output>
        </test-method> <!-- logintest -->
        <test-method status="PASS" signature="teardown()[pri:0, instance:com.symc.qa.testdata.LoginTest@3e6fa38a]" name="teardown" is-config="true" duration-ms="628" started-at="2018-10-11T20:59:07Z" finished-at="2018-10-11T20:59:08Z">
          <reporter-output>
          </reporter-output>
        </test-method> <!-- teardown -->
      </class> <!-- com.symc.qa.testdata.LoginTest -->
    </test> <!-- Default test -->
  </suite> <!-- Default suite -->
</testng-results>
